<?xml version="1.0" encoding="UTF-8"?>
<!-- Generated by org.testng.reporters.JUnitReportReporter -->
<testsuite hostname="Sumit-PC" failures="0" tests="2" name="testcase.PageNotFound_404" time="62.161" errors="0" timestamp="21 Dec 2018 11:09:01 GMT">
  <testcase classname="testcase.PageNotFound_404" name="PageNotFound" time="57.529"/>
  <testcase classname="testcase.PageNotFound_404" name="PageNotFoundwithHttpConn" time="4.632"/>
</testsuite> <!-- testcase.PageNotFound_404 -->
